c:\users\rabıa\desktop\rabıa\tez\tezv1.2\x64\debug\vc140.pdb
c:\users\rabıa\desktop\rabıa\tez\tezv1.2\x64\debug\test2.obj
c:\users\rabıa\desktop\rabıa\tez\tezv1.2\x64\debug\test.obj
c:\users\rabıa\desktop\rabıa\tez\tezv1.2\x64\debug\maınform.obj
c:\users\rabıa\desktop\rabıa\tez\tezv1.2\x64\debug\maınapp.obj
c:\users\rabıa\desktop\rabıa\tez\tezv1.2\x64\debug\logınform.obj
c:\users\rabıa\desktop\rabıa\tez\tezv1.2\x64\debug\.netframework,versıon=v4.6.1.assemblyattrıbutes.obj
c:\users\rabıa\desktop\rabıa\tez\tezv1.2\x64\debug\.netframework,versıon=v4.6.1.assemblyattrıbutes.asm
c:\users\rabıa\desktop\rabıa\tez\tezv1.2\x64\debug\tezv1.2.tlog\metagen.wrıte.1.tlog
c:\users\rabia\desktop\rabia\tez\tezv1.2\x64\debug\tezv12.fullscreenform.resources
c:\users\rabia\desktop\rabia\tez\tezv1.2\x64\debug\tezv12.loginform.resources
c:\users\rabia\desktop\rabia\tez\tezv1.2\x64\debug\tezv12.mainform.resources
c:\users\rabia\desktop\rabia\tez\tezv1.2\x64\debug\tezv12.registrationform.resources
c:\users\rabia\desktop\rabia\tez\tezv1.2\x64\debug\tezv12.test.resources
c:\users\rabia\desktop\rabia\tez\tezv1.2\x64\debug\tezv12.test2.resources
c:\users\rabia\desktop\rabia\tez\tezv1.2\x64\debug\tezv1.2.vcxproj.generateresource.cache
c:\users\rabia\desktop\rabia\tez\tezv1.2\x64\debug\tezv1.2.vcxprojresolveassemblyreference.cache
c:\users\rabia\desktop\rabia\tez\tezv1.2\x64\debug\.netframework,version=v4.6.1.assemblyattributes.obj
c:\users\rabia\desktop\rabia\tez\tezv1.2\x64\debug\loginform.obj
c:\users\rabia\desktop\rabia\tez\tezv1.2\x64\debug\mainapp.obj
c:\users\rabia\desktop\rabia\tez\tezv1.2\x64\debug\mainform.obj
c:\users\rabia\desktop\rabia\tez\tezv1.2\x64\debug\test.obj
c:\users\rabia\desktop\rabia\tez\tezv1.2\x64\debug\test2.obj
c:\users\rabia\desktop\rabia\tez\tezv1.2\x64\debug\vc140.pdb
c:\users\rabia\desktop\rabia\tez\x64\debug\tezv1.2.pdb
c:\users\rabia\desktop\rabia\tez\tezv1.2\x64\debug\tezv1.2.tlog\cl.command.1.tlog
c:\users\rabia\desktop\rabia\tez\tezv1.2\x64\debug\tezv1.2.tlog\cl.read.1.tlog
c:\users\rabia\desktop\rabia\tez\tezv1.2\x64\debug\tezv1.2.tlog\cl.write.1.tlog
c:\users\rabia\desktop\rabia\tez\tezv1.2\x64\debug\tezv1.2.tlog\link.10704.7040-cvtres.read.1.tlog
c:\users\rabia\desktop\rabia\tez\tezv1.2\x64\debug\tezv1.2.tlog\link.10704.7040-cvtres.write.1.tlog
c:\users\rabia\desktop\rabia\tez\tezv1.2\x64\debug\tezv1.2.tlog\link.10704.7040-rc.read.1.tlog
c:\users\rabia\desktop\rabia\tez\tezv1.2\x64\debug\tezv1.2.tlog\link.10704.7040-rc.write.1.tlog
c:\users\rabia\desktop\rabia\tez\tezv1.2\x64\debug\tezv1.2.tlog\link.10704.7040.read.1.tlog
c:\users\rabia\desktop\rabia\tez\tezv1.2\x64\debug\tezv1.2.tlog\link.10704.7040.write.1.tlog
c:\users\rabia\desktop\rabia\tez\tezv1.2\x64\debug\tezv1.2.tlog\link.10704.read.1.tlog
c:\users\rabia\desktop\rabia\tez\tezv1.2\x64\debug\tezv1.2.tlog\link.10704.write.1.tlog
c:\users\rabia\desktop\rabia\tez\tezv1.2\x64\debug\tezv1.2.tlog\link.10872.1892-cvtres.read.1.tlog
c:\users\rabia\desktop\rabia\tez\tezv1.2\x64\debug\tezv1.2.tlog\link.10872.1892-cvtres.write.1.tlog
c:\users\rabia\desktop\rabia\tez\tezv1.2\x64\debug\tezv1.2.tlog\link.10872.1892-rc.read.1.tlog
c:\users\rabia\desktop\rabia\tez\tezv1.2\x64\debug\tezv1.2.tlog\link.10872.1892-rc.write.1.tlog
c:\users\rabia\desktop\rabia\tez\tezv1.2\x64\debug\tezv1.2.tlog\link.10872.1892.read.1.tlog
c:\users\rabia\desktop\rabia\tez\tezv1.2\x64\debug\tezv1.2.tlog\link.10872.1892.write.1.tlog
c:\users\rabia\desktop\rabia\tez\tezv1.2\x64\debug\tezv1.2.tlog\link.10872.read.1.tlog
c:\users\rabia\desktop\rabia\tez\tezv1.2\x64\debug\tezv1.2.tlog\link.10872.write.1.tlog
c:\users\rabia\desktop\rabia\tez\tezv1.2\x64\debug\tezv1.2.tlog\link.11664.9396-cvtres.read.1.tlog
c:\users\rabia\desktop\rabia\tez\tezv1.2\x64\debug\tezv1.2.tlog\link.11664.9396-cvtres.write.1.tlog
c:\users\rabia\desktop\rabia\tez\tezv1.2\x64\debug\tezv1.2.tlog\link.11664.9396-rc.read.1.tlog
c:\users\rabia\desktop\rabia\tez\tezv1.2\x64\debug\tezv1.2.tlog\link.11664.9396-rc.write.1.tlog
c:\users\rabia\desktop\rabia\tez\tezv1.2\x64\debug\tezv1.2.tlog\link.11664.9396.read.1.tlog
c:\users\rabia\desktop\rabia\tez\tezv1.2\x64\debug\tezv1.2.tlog\link.11664.9396.write.1.tlog
c:\users\rabia\desktop\rabia\tez\tezv1.2\x64\debug\tezv1.2.tlog\link.11664.read.1.tlog
c:\users\rabia\desktop\rabia\tez\tezv1.2\x64\debug\tezv1.2.tlog\link.11664.write.1.tlog
c:\users\rabia\desktop\rabia\tez\tezv1.2\x64\debug\tezv1.2.tlog\link.13292.1332-cvtres.read.1.tlog
c:\users\rabia\desktop\rabia\tez\tezv1.2\x64\debug\tezv1.2.tlog\link.13292.1332-cvtres.write.1.tlog
c:\users\rabia\desktop\rabia\tez\tezv1.2\x64\debug\tezv1.2.tlog\link.13292.1332-rc.read.1.tlog
c:\users\rabia\desktop\rabia\tez\tezv1.2\x64\debug\tezv1.2.tlog\link.13292.1332-rc.write.1.tlog
c:\users\rabia\desktop\rabia\tez\tezv1.2\x64\debug\tezv1.2.tlog\link.13292.1332.read.1.tlog
c:\users\rabia\desktop\rabia\tez\tezv1.2\x64\debug\tezv1.2.tlog\link.13292.1332.write.1.tlog
c:\users\rabia\desktop\rabia\tez\tezv1.2\x64\debug\tezv1.2.tlog\link.13292.read.1.tlog
c:\users\rabia\desktop\rabia\tez\tezv1.2\x64\debug\tezv1.2.tlog\link.13292.write.1.tlog
c:\users\rabia\desktop\rabia\tez\tezv1.2\x64\debug\tezv1.2.tlog\link.1684.4640-cvtres.read.1.tlog
c:\users\rabia\desktop\rabia\tez\tezv1.2\x64\debug\tezv1.2.tlog\link.1684.4640-cvtres.write.1.tlog
c:\users\rabia\desktop\rabia\tez\tezv1.2\x64\debug\tezv1.2.tlog\link.1684.4640-rc.read.1.tlog
c:\users\rabia\desktop\rabia\tez\tezv1.2\x64\debug\tezv1.2.tlog\link.1684.4640-rc.write.1.tlog
c:\users\rabia\desktop\rabia\tez\tezv1.2\x64\debug\tezv1.2.tlog\link.1684.4640.read.1.tlog
c:\users\rabia\desktop\rabia\tez\tezv1.2\x64\debug\tezv1.2.tlog\link.1684.4640.write.1.tlog
c:\users\rabia\desktop\rabia\tez\tezv1.2\x64\debug\tezv1.2.tlog\link.1684.read.1.tlog
c:\users\rabia\desktop\rabia\tez\tezv1.2\x64\debug\tezv1.2.tlog\link.1684.write.1.tlog
c:\users\rabia\desktop\rabia\tez\tezv1.2\x64\debug\tezv1.2.tlog\link.4596.5348-cvtres.read.1.tlog
c:\users\rabia\desktop\rabia\tez\tezv1.2\x64\debug\tezv1.2.tlog\link.4596.5348-cvtres.write.1.tlog
c:\users\rabia\desktop\rabia\tez\tezv1.2\x64\debug\tezv1.2.tlog\link.4596.5348-rc.read.1.tlog
c:\users\rabia\desktop\rabia\tez\tezv1.2\x64\debug\tezv1.2.tlog\link.4596.5348-rc.write.1.tlog
c:\users\rabia\desktop\rabia\tez\tezv1.2\x64\debug\tezv1.2.tlog\link.4596.5348.read.1.tlog
c:\users\rabia\desktop\rabia\tez\tezv1.2\x64\debug\tezv1.2.tlog\link.4596.5348.write.1.tlog
c:\users\rabia\desktop\rabia\tez\tezv1.2\x64\debug\tezv1.2.tlog\link.4596.read.1.tlog
c:\users\rabia\desktop\rabia\tez\tezv1.2\x64\debug\tezv1.2.tlog\link.4596.write.1.tlog
c:\users\rabia\desktop\rabia\tez\tezv1.2\x64\debug\tezv1.2.tlog\link.6324.11524-cvtres.read.1.tlog
c:\users\rabia\desktop\rabia\tez\tezv1.2\x64\debug\tezv1.2.tlog\link.6324.11524-cvtres.write.1.tlog
c:\users\rabia\desktop\rabia\tez\tezv1.2\x64\debug\tezv1.2.tlog\link.6324.11524-rc.read.1.tlog
c:\users\rabia\desktop\rabia\tez\tezv1.2\x64\debug\tezv1.2.tlog\link.6324.11524-rc.write.1.tlog
c:\users\rabia\desktop\rabia\tez\tezv1.2\x64\debug\tezv1.2.tlog\link.6324.11524.read.1.tlog
c:\users\rabia\desktop\rabia\tez\tezv1.2\x64\debug\tezv1.2.tlog\link.6324.11524.write.1.tlog
c:\users\rabia\desktop\rabia\tez\tezv1.2\x64\debug\tezv1.2.tlog\link.6324.read.1.tlog
c:\users\rabia\desktop\rabia\tez\tezv1.2\x64\debug\tezv1.2.tlog\link.6324.write.1.tlog
c:\users\rabia\desktop\rabia\tez\tezv1.2\x64\debug\tezv1.2.tlog\link.command.1.tlog
c:\users\rabia\desktop\rabia\tez\tezv1.2\x64\debug\tezv1.2.tlog\link.read.1.tlog
c:\users\rabia\desktop\rabia\tez\tezv1.2\x64\debug\tezv1.2.tlog\link.write.1.tlog
c:\users\rabia\desktop\rabia\tez\tezv1.2\x64\debug\tezv1.2.tlog\metagen.read.1.tlog
c:\users\rabia\desktop\rabia\tez\tezv1.2\x64\debug\tezv1.2.tlog\metagen.write.1.tlog
c:\users\rabia\desktop\rabia\tez\tezv1.2\x64\debug\tezv1.2.tlog\tezv1.2.write.1u.tlog
c:\users\rabia\desktop\rabia\tez\tezv1.2\x64\debug\tezv1.2.tlog\mscorlıb.dll.metagen
c:\users\rabia\desktop\rabia\tez\tezv1.2\x64\debug\tezv1.2.tlog\system.data.dll.metagen
c:\users\rabia\desktop\rabia\tez\tezv1.2\x64\debug\tezv1.2.tlog\system.dll.metagen
c:\users\rabia\desktop\rabia\tez\tezv1.2\x64\debug\tezv1.2.tlog\system.drawıng.dll.metagen
c:\users\rabia\desktop\rabia\tez\tezv1.2\x64\debug\tezv1.2.tlog\system.wındows.forms.dll.metagen
c:\users\rabia\desktop\rabia\tez\tezv1.2\x64\debug\tezv1.2.tlog\system.xml.dll.metagen
c:\users\rabia\desktop\rabia\tez\tezv1.2\x64\debug\tezv1.2.tlog\clr.dll.bi
c:\users\rabia\desktop\rabia\tez\tezv1.2\x64\debug\tezv1.2.tlog\cluı.dll.bi
c:\users\rabia\desktop\rabia\tez\tezv1.2\x64\debug\tezv1.2.tlog\mscorwks.dll.bi
c:\users\rabia\desktop\rabia\tez\tezv1.2\x64\debug\tezv1.2.tlog\tzres.dll.bi
