c:\users\erol\desktop\bilmuh\tez\tez son\tezv1.2\x64\debug\vc140.pdb
c:\users\erol\desktop\bilmuh\tez\tez son\tezv1.2\x64\debug\mainform.obj
c:\users\erol\desktop\bilmuh\tez\tez son\tezv1.2\x64\debug\mainapp.obj
c:\users\erol\desktop\bilmuh\tez\tez son\tezv1.2\x64\debug\loginform.obj
c:\users\erol\desktop\bilmuh\tez\tez son\tezv1.2\x64\debug\.netframework,version=v4.6.1.assemblyattributes.obj
c:\users\erol\desktop\bilmuh\tez\tez son\tezv1.2\x64\debug\.netframework,version=v4.6.1.assemblyattributes.asm
c:\users\erol\desktop\bilmuh\tez\tez son\tezv1.2\x64\debug\tezv12.fullscreenform.resources
c:\users\erol\desktop\bilmuh\tez\tez son\tezv1.2\x64\debug\tezv12.loginform.resources
c:\users\erol\desktop\bilmuh\tez\tez son\tezv1.2\x64\debug\tezv12.mainform.resources
c:\users\erol\desktop\bilmuh\tez\tez son\tezv1.2\x64\debug\tezv12.registrationform.resources
c:\users\erol\desktop\bilmuh\tez\tez son\tezv1.2\x64\debug\tezv1.2.vcxproj.generateresource.cache
c:\users\erol\desktop\bilmuh\tez\tez son\tezv1.2\x64\debug\tezv1.2.vcxprojresolveassemblyreference.cache
c:\users\erol\desktop\bilmuh\tez\tez son\tezv1.2\x64\debug\test.obj
c:\users\erol\desktop\bilmuh\tez\tez son\tezv1.2\x64\debug\test2.obj
c:\users\erol\desktop\bilmuh\tez\tez son\tezv1.2\x64\debug\tezv12.test.resources
c:\users\erol\desktop\bilmuh\tez\tez son\tezv1.2\x64\debug\tezv12.test2.resources
c:\users\erol\desktop\bilmuh\tez\tez son\x64\debug\tezv1.2.pdb
c:\users\erol\desktop\bilmuh\tez\tez son\tezv1.2\x64\debug\tezv1.2.tlog\cl.command.1.tlog
c:\users\erol\desktop\bilmuh\tez\tez son\tezv1.2\x64\debug\tezv1.2.tlog\cl.read.1.tlog
c:\users\erol\desktop\bilmuh\tez\tez son\tezv1.2\x64\debug\tezv1.2.tlog\cl.write.1.tlog
c:\users\erol\desktop\bilmuh\tez\tez son\tezv1.2\x64\debug\tezv1.2.tlog\link.command.1.tlog
c:\users\erol\desktop\bilmuh\tez\tez son\tezv1.2\x64\debug\tezv1.2.tlog\link.read.1.tlog
c:\users\erol\desktop\bilmuh\tez\tez son\tezv1.2\x64\debug\tezv1.2.tlog\link.write.1.tlog
c:\users\erol\desktop\bilmuh\tez\tez son\tezv1.2\x64\debug\tezv1.2.tlog\metagen.read.1.tlog
c:\users\erol\desktop\bilmuh\tez\tez son\tezv1.2\x64\debug\tezv1.2.tlog\metagen.write.1.tlog
c:\users\erol\desktop\bilmuh\tez\tez son\tezv1.2\x64\debug\tezv1.2.tlog\tezv1.2.write.1u.tlog
c:\users\erol\desktop\bilmuh\tez\tez son\tezv1.2\x64\debug\tezv1.2.tlog\mscorlib.dll.metagen
c:\users\erol\desktop\bilmuh\tez\tez son\tezv1.2\x64\debug\tezv1.2.tlog\system.data.dll.metagen
c:\users\erol\desktop\bilmuh\tez\tez son\tezv1.2\x64\debug\tezv1.2.tlog\system.dll.metagen
c:\users\erol\desktop\bilmuh\tez\tez son\tezv1.2\x64\debug\tezv1.2.tlog\system.drawing.dll.metagen
c:\users\erol\desktop\bilmuh\tez\tez son\tezv1.2\x64\debug\tezv1.2.tlog\system.windows.forms.dll.metagen
c:\users\erol\desktop\bilmuh\tez\tez son\tezv1.2\x64\debug\tezv1.2.tlog\system.xml.dll.metagen
c:\users\erol\desktop\bilmuh\tez\tez son\tezv1.2\x64\debug\tezv1.2.tlog\clr.dll.bi
c:\users\erol\desktop\bilmuh\tez\tez son\tezv1.2\x64\debug\tezv1.2.tlog\clui.dll.bi
c:\users\erol\desktop\bilmuh\tez\tez son\tezv1.2\x64\debug\tezv1.2.tlog\mscorwks.dll.bi
c:\users\erol\desktop\bilmuh\tez\tez son\tezv1.2\x64\debug\tezv1.2.tlog\tzres.dll.bi
