c:\users\rabıa\documents\vısual studıo 2015\projects\tez v1.1\tez v1.1\x64\debug\vc140.pdb
c:\users\rabıa\documents\vısual studıo 2015\projects\tez v1.1\tez v1.1\x64\debug\maınform.obj
c:\users\rabıa\documents\vısual studıo 2015\projects\tez v1.1\tez v1.1\x64\debug\jackylıb.obj
c:\users\rabıa\documents\vısual studıo 2015\projects\tez v1.1\tez v1.1\x64\debug\.netframework,versıon=v4.5.2.assemblyattrıbutes.obj
c:\users\rabıa\documents\vısual studıo 2015\projects\tez v1.1\tez v1.1\x64\debug\.netframework,versıon=v4.5.2.assemblyattrıbutes.asm
c:\users\rabıa\documents\vısual studıo 2015\projects\tez v1.1\x64\debug\tez v1.1.exe
c:\users\rabıa\documents\vısual studıo 2015\projects\tez v1.1\x64\debug\tez v1.1.pdb
c:\users\rabıa\documents\vısual studıo 2015\projects\tez v1.1\tez v1.1\x64\debug\tez v1.1.tlog\metagen.wrıte.1.tlog
c:\users\rabia\documents\visual studio 2015\projects\tez v1.1\tez v1.1\x64\debug\tezv11.mainform.resources
c:\users\rabia\documents\visual studio 2015\projects\tez v1.1\tez v1.1\x64\debug\tez v1.1.vcxproj.generateresource.cache
c:\users\rabia\documents\visual studio 2015\projects\tez v1.1\tez v1.1\x64\debug\tez v1.1.vcxprojresolveassemblyreference.cache
c:\users\rabia\documents\visual studio 2015\projects\tez v1.1\tez v1.1\x64\debug\.netframework,version=v4.5.2.assemblyattributes.obj
c:\users\rabia\documents\visual studio 2015\projects\tez v1.1\tez v1.1\x64\debug\jackylib.obj
c:\users\rabia\documents\visual studio 2015\projects\tez v1.1\tez v1.1\x64\debug\vc140.pdb
c:\users\rabia\documents\visual studio 2015\projects\tez v1.1\x64\debug\tez v1.1.pdb
c:\users\rabia\documents\visual studio 2015\projects\tez v1.1\x64\debug\tez v1.1.exe
c:\users\rabia\documents\visual studio 2015\projects\tez v1.1\tez v1.1\x64\debug\tez v1.1.tlog\cl.command.1.tlog
c:\users\rabia\documents\visual studio 2015\projects\tez v1.1\tez v1.1\x64\debug\tez v1.1.tlog\cl.read.1.tlog
c:\users\rabia\documents\visual studio 2015\projects\tez v1.1\tez v1.1\x64\debug\tez v1.1.tlog\cl.write.1.tlog
c:\users\rabia\documents\visual studio 2015\projects\tez v1.1\tez v1.1\x64\debug\tez v1.1.tlog\link.command.1.tlog
c:\users\rabia\documents\visual studio 2015\projects\tez v1.1\tez v1.1\x64\debug\tez v1.1.tlog\link.read.1.tlog
c:\users\rabia\documents\visual studio 2015\projects\tez v1.1\tez v1.1\x64\debug\tez v1.1.tlog\link.write.1.tlog
c:\users\rabia\documents\visual studio 2015\projects\tez v1.1\tez v1.1\x64\debug\tez v1.1.tlog\metagen.read.1.tlog
c:\users\rabia\documents\visual studio 2015\projects\tez v1.1\tez v1.1\x64\debug\tez v1.1.tlog\metagen.write.1.tlog
c:\users\rabia\documents\visual studio 2015\projects\tez v1.1\tez v1.1\x64\debug\tez v1.1.tlog\tez v1.1.write.1u.tlog
c:\users\rabia\documents\visual studio 2015\projects\tez v1.1\tez v1.1\x64\debug\tez v1.1.tlog\mscorlıb.dll.metagen
c:\users\rabia\documents\visual studio 2015\projects\tez v1.1\tez v1.1\x64\debug\tez v1.1.tlog\system.data.dll.metagen
c:\users\rabia\documents\visual studio 2015\projects\tez v1.1\tez v1.1\x64\debug\tez v1.1.tlog\system.dll.metagen
c:\users\rabia\documents\visual studio 2015\projects\tez v1.1\tez v1.1\x64\debug\tez v1.1.tlog\system.drawıng.dll.metagen
c:\users\rabia\documents\visual studio 2015\projects\tez v1.1\tez v1.1\x64\debug\tez v1.1.tlog\system.wındows.forms.dll.metagen
c:\users\rabia\documents\visual studio 2015\projects\tez v1.1\tez v1.1\x64\debug\tez v1.1.tlog\system.xml.dll.metagen
c:\users\rabia\documents\visual studio 2015\projects\tez v1.1\tez v1.1\x64\debug\tez v1.1.tlog\clr.dll.bi
c:\users\rabia\documents\visual studio 2015\projects\tez v1.1\tez v1.1\x64\debug\tez v1.1.tlog\cluı.dll.bi
c:\users\rabia\documents\visual studio 2015\projects\tez v1.1\tez v1.1\x64\debug\tez v1.1.tlog\mscorwks.dll.bi
c:\users\rabia\documents\visual studio 2015\projects\tez v1.1\tez v1.1\x64\debug\tez v1.1.tlog\tzres.dll.bi
